<?xml version="1.0" encoding="UTF-8"?>
<!-- Generated by org.testng.reporters.JUnitReportReporter -->
<testsuite name="testCases.TestCases" tests="6" time="22.313" ignored="0" failures="0" timestamp="03 Mar 2017 14:44:49 GMT" skipped="0" hostname="DEL1-DHP-27558" errors="0">
  <testcase name="logOut" time="3.793" classname="testCases.TestCases"/>
  <testcase name="openURL" time="1.552" classname="testCases.TestCases"/>
  <testcase name="checklanguage" time="0.756" classname="testCases.TestCases"/>
  <testcase name="testloginValid" time="8.109" classname="testCases.TestCases"/>
  <testcase name="advancedSearch" time="6.126" classname="testCases.TestCases"/>
  <testcase name="testloginInvalid" time="1.977" classname="testCases.TestCases"/>
</testsuite> <!-- testCases.TestCases -->
